Case #1: 15 25
Case #2: 0 0
Case #3: 81 567
Case #4: 181 244
Case #5: 0 0
Case #6: 500 500
Case #7: 100 900
Case #8: 68 132
Case #9: 120 168
Case #10: 96 174
Case #11: 130 333
Case #12: 180 339
Case #13: 144 412
Case #14: 112 310
Case #15: 158 434
Case #16: 131 400
Case #17: 117 356
Case #18: 144 414
Case #19: 264 467
Case #20: 168 324
Case #21: 77 307
Case #22: 194 372
Case #23: 201 535
Case #24: 87 289
Case #25: 133 326
Case #26: 147 413
Case #27: 96 257
Case #28: 118 277
Case #29: 91 238
Case #30: 124 276
Case #31: 155 412
Case #32: 81 248
Case #33: 103 341
Case #34: 139 322
Case #35: 90 287
Case #36: 92 411
Case #37: 122 580
Case #38: 128 412
Case #39: 91 282
Case #40: 97 415
Case #41: 270 408
Case #42: 102 302
Case #43: 172 387
Case #44: 208 437
Case #45: 172 419
Case #46: 132 485
Case #47: 156 447
Case #48: 160 443
Case #49: 180 425
Case #50: 217 564
Case #51: 97 366
Case #52: 163 517
Case #53: 101 276
Case #54: 100 337
Case #55: 205 445
Case #56: 194 339
Case #57: 148 435
Case #58: 158 547
Case #59: 194 508
Case #60: 182 295
Case #61: 197 483
Case #62: 111 407
Case #63: 187 411
Case #64: 120 354
Case #65: 117 317
Case #66: 194 535
Case #67: 189 253
Case #68: 126 291
Case #69: 135 338
Case #70: 88 259
Case #71: 200 415
Case #72: 109 158
Case #73: 128 306
Case #74: 141 340
Case #75: 112 317
Case #76: 226 413
Case #77: 238 489
Case #78: 126 314
Case #79: 172 431
Case #80: 151 292
Case #81: 147 303
Case #82: 121 481
Case #83: 172 366
Case #84: 99 210
Case #85: 109 490
Case #86: 193 342
Case #87: 122 236
Case #88: 112 343
Case #89: 187 410
Case #90: 85 195
Case #91: 122 326
Case #92: 153 396
Case #93: 225 482
Case #94: 99 409
Case #95: 100 396
Case #96: 238 419
Case #97: 191 359
Case #98: 88 290
Case #99: 137 375
Case #100: 209 405
